2025-05-05T08:16:18.288Z [[31merror[39m] - uncaughtException: Route.get() requires a callback function but got a [object Undefined]
Error: Route.get() requires a callback function but got a [object Undefined]
    at Route.<computed> [as get] (/Users/salehalkarabubi/works/project/AutoMarket25/server/node_modules/express/lib/router/route.js:216:15)
    at proto.<computed> [as get] (/Users/salehalkarabubi/works/project/AutoMarket25/server/node_modules/express/lib/router/index.js:521:19)
    at Object.<anonymous> (/Users/salehalkarabubi/works/project/AutoMarket25/server/src/routes/carRoutes.js:19:8)
    at Module._compile (node:internal/modules/cjs/loader:1469:14)
    at Module._extensions..js (node:internal/modules/cjs/loader:1548:10)
    at Module.load (node:internal/modules/cjs/loader:1288:32)
    at Module._load (node:internal/modules/cjs/loader:1104:12)
    at Module.require (node:internal/modules/cjs/loader:1311:19)
    at require (node:internal/modules/helpers:179:18)
    at Object.<anonymous> (/Users/salehalkarabubi/works/project/AutoMarket25/server/src/index.js:10:19)
2025-05-05T08:16:20.719Z [[31merror[39m] - uncaughtException: Route.get() requires a callback function but got a [object Undefined]
Error: Route.get() requires a callback function but got a [object Undefined]
    at Route.<computed> [as get] (/Users/salehalkarabubi/works/project/AutoMarket25/server/node_modules/express/lib/router/route.js:216:15)
    at proto.<computed> [as get] (/Users/salehalkarabubi/works/project/AutoMarket25/server/node_modules/express/lib/router/index.js:521:19)
    at Object.<anonymous> (/Users/salehalkarabubi/works/project/AutoMarket25/server/src/routes/carRoutes.js:19:8)
    at Module._compile (node:internal/modules/cjs/loader:1469:14)
    at Module._extensions..js (node:internal/modules/cjs/loader:1548:10)
    at Module.load (node:internal/modules/cjs/loader:1288:32)
    at Module._load (node:internal/modules/cjs/loader:1104:12)
    at Module.require (node:internal/modules/cjs/loader:1311:19)
    at require (node:internal/modules/helpers:179:18)
    at Object.<anonymous> (/Users/salehalkarabubi/works/project/AutoMarket25/server/src/index.js:10:19)
2025-05-05T08:16:22.540Z [[31merror[39m] - uncaughtException: Route.get() requires a callback function but got a [object Undefined]
Error: Route.get() requires a callback function but got a [object Undefined]
    at Route.<computed> [as get] (/Users/salehalkarabubi/works/project/AutoMarket25/server/node_modules/express/lib/router/route.js:216:15)
    at proto.<computed> [as get] (/Users/salehalkarabubi/works/project/AutoMarket25/server/node_modules/express/lib/router/index.js:521:19)
    at Object.<anonymous> (/Users/salehalkarabubi/works/project/AutoMarket25/server/src/routes/carRoutes.js:19:8)
    at Module._compile (node:internal/modules/cjs/loader:1469:14)
    at Module._extensions..js (node:internal/modules/cjs/loader:1548:10)
    at Module.load (node:internal/modules/cjs/loader:1288:32)
    at Module._load (node:internal/modules/cjs/loader:1104:12)
    at Module.require (node:internal/modules/cjs/loader:1311:19)
    at require (node:internal/modules/helpers:179:18)
    at Object.<anonymous> (/Users/salehalkarabubi/works/project/AutoMarket25/server/src/index.js:10:19)
2025-05-05T08:16:30.459Z [[31merror[39m] - uncaughtException: Route.get() requires a callback function but got a [object Undefined]
Error: Route.get() requires a callback function but got a [object Undefined]
    at Route.<computed> [as get] (/Users/salehalkarabubi/works/project/AutoMarket25/server/node_modules/express/lib/router/route.js:216:15)
    at proto.<computed> [as get] (/Users/salehalkarabubi/works/project/AutoMarket25/server/node_modules/express/lib/router/index.js:521:19)
    at Object.<anonymous> (/Users/salehalkarabubi/works/project/AutoMarket25/server/src/routes/carRoutes.js:19:8)
    at Module._compile (node:internal/modules/cjs/loader:1469:14)
    at Module._extensions..js (node:internal/modules/cjs/loader:1548:10)
    at Module.load (node:internal/modules/cjs/loader:1288:32)
    at Module._load (node:internal/modules/cjs/loader:1104:12)
    at Module.require (node:internal/modules/cjs/loader:1311:19)
    at require (node:internal/modules/helpers:179:18)
    at Object.<anonymous> (/Users/salehalkarabubi/works/project/AutoMarket25/server/src/index.js:10:19)
2025-05-05T08:28:36.982Z [[31merror[39m] - uncaughtException: Route.get() requires a callback function but got a [object Undefined]
Error: Route.get() requires a callback function but got a [object Undefined]
    at Route.<computed> [as get] (/Users/salehalkarabubi/works/project/AutoMarket25/server/node_modules/express/lib/router/route.js:216:15)
    at proto.<computed> [as get] (/Users/salehalkarabubi/works/project/AutoMarket25/server/node_modules/express/lib/router/index.js:521:19)
    at Object.<anonymous> (/Users/salehalkarabubi/works/project/AutoMarket25/server/src/routes/carRoutes.js:19:8)
    at Module._compile (node:internal/modules/cjs/loader:1469:14)
    at Module._extensions..js (node:internal/modules/cjs/loader:1548:10)
    at Module.load (node:internal/modules/cjs/loader:1288:32)
    at Module._load (node:internal/modules/cjs/loader:1104:12)
    at Module.require (node:internal/modules/cjs/loader:1311:19)
    at require (node:internal/modules/helpers:179:18)
    at Object.<anonymous> (/Users/salehalkarabubi/works/project/AutoMarket25/server/src/index.js:10:19)
2025-05-05T08:41:41.690Z [[31merror[39m] - uncaughtException: Route.get() requires a callback function but got a [object Undefined]
Error: Route.get() requires a callback function but got a [object Undefined]
    at Route.<computed> [as get] (/Users/salehalkarabubi/works/project/AutoMarket25/server/node_modules/express/lib/router/route.js:216:15)
    at proto.<computed> [as get] (/Users/salehalkarabubi/works/project/AutoMarket25/server/node_modules/express/lib/router/index.js:521:19)
    at Object.<anonymous> (/Users/salehalkarabubi/works/project/AutoMarket25/server/src/routes/carRoutes.js:19:8)
    at Module._compile (node:internal/modules/cjs/loader:1469:14)
    at Module._extensions..js (node:internal/modules/cjs/loader:1548:10)
    at Module.load (node:internal/modules/cjs/loader:1288:32)
    at Module._load (node:internal/modules/cjs/loader:1104:12)
    at Module.require (node:internal/modules/cjs/loader:1311:19)
    at require (node:internal/modules/helpers:179:18)
    at Object.<anonymous> (/Users/salehalkarabubi/works/project/AutoMarket25/server/src/index.js:10:19)
2025-05-05T08:47:43.305Z [[31merror[39m] - uncaughtException: Route.get() requires a callback function but got a [object Undefined]
Error: Route.get() requires a callback function but got a [object Undefined]
    at Route.<computed> [as get] (/Users/salehalkarabubi/works/project/AutoMarket25/server/node_modules/express/lib/router/route.js:216:15)
    at proto.<computed> [as get] (/Users/salehalkarabubi/works/project/AutoMarket25/server/node_modules/express/lib/router/index.js:521:19)
    at Object.<anonymous> (/Users/salehalkarabubi/works/project/AutoMarket25/server/src/routes/carRoutes.js:23:8)
    at Module._compile (node:internal/modules/cjs/loader:1469:14)
    at Module._extensions..js (node:internal/modules/cjs/loader:1548:10)
    at Module.load (node:internal/modules/cjs/loader:1288:32)
    at Module._load (node:internal/modules/cjs/loader:1104:12)
    at Module.require (node:internal/modules/cjs/loader:1311:19)
    at require (node:internal/modules/helpers:179:18)
    at Object.<anonymous> (/Users/salehalkarabubi/works/project/AutoMarket25/server/src/index.js:10:19)
2025-05-05T08:58:23.357Z [[31merror[39m] - uncaughtException: Route.get() requires a callback function but got a [object Undefined]
Error: Route.get() requires a callback function but got a [object Undefined]
    at Route.<computed> [as get] (/Users/salehalkarabubi/works/project/AutoMarket25/server/node_modules/express/lib/router/route.js:216:15)
    at proto.<computed> [as get] (/Users/salehalkarabubi/works/project/AutoMarket25/server/node_modules/express/lib/router/index.js:521:19)
    at Object.<anonymous> (/Users/salehalkarabubi/works/project/AutoMarket25/server/src/routes/carRoutes.js:19:8)
    at Module._compile (node:internal/modules/cjs/loader:1469:14)
    at Module._extensions..js (node:internal/modules/cjs/loader:1548:10)
    at Module.load (node:internal/modules/cjs/loader:1288:32)
    at Module._load (node:internal/modules/cjs/loader:1104:12)
    at Module.require (node:internal/modules/cjs/loader:1311:19)
    at require (node:internal/modules/helpers:179:18)
    at Object.<anonymous> (/Users/salehalkarabubi/works/project/AutoMarket25/server/src/index.js:10:19)
2025-05-05T10:38:31.004Z [[31merror[39m] - uncaughtException: Route.get() requires a callback function but got a [object Undefined]
Error: Route.get() requires a callback function but got a [object Undefined]
    at Route.<computed> [as get] (/Users/salehalkarabubi/works/project/AutoMarket25/server/node_modules/express/lib/router/route.js:216:15)
    at proto.<computed> [as get] (/Users/salehalkarabubi/works/project/AutoMarket25/server/node_modules/express/lib/router/index.js:521:19)
    at Object.<anonymous> (/Users/salehalkarabubi/works/project/AutoMarket25/server/src/routes/carRoutes.js:19:8)
    at Module._compile (node:internal/modules/cjs/loader:1469:14)
    at Module._extensions..js (node:internal/modules/cjs/loader:1548:10)
    at Module.load (node:internal/modules/cjs/loader:1288:32)
    at Module._load (node:internal/modules/cjs/loader:1104:12)
    at Module.require (node:internal/modules/cjs/loader:1311:19)
    at require (node:internal/modules/helpers:179:18)
    at Object.<anonymous> (/Users/salehalkarabubi/works/project/AutoMarket25/server/src/index.js:10:19)
2025-05-05T10:39:45.124Z [[31merror[39m] - uncaughtException: Route.get() requires a callback function but got a [object Object]
Error: Route.get() requires a callback function but got a [object Object]
    at Route.<computed> [as get] (/Users/salehalkarabubi/works/project/AutoMarket25/server/node_modules/express/lib/router/route.js:216:15)
    at proto.<computed> [as get] (/Users/salehalkarabubi/works/project/AutoMarket25/server/node_modules/express/lib/router/index.js:521:19)
    at Object.<anonymous> (/Users/salehalkarabubi/works/project/AutoMarket25/server/src/routes/carRoutes.js:23:8)
    at Module._compile (node:internal/modules/cjs/loader:1469:14)
    at Module._extensions..js (node:internal/modules/cjs/loader:1548:10)
    at Module.load (node:internal/modules/cjs/loader:1288:32)
    at Module._load (node:internal/modules/cjs/loader:1104:12)
    at Module.require (node:internal/modules/cjs/loader:1311:19)
    at require (node:internal/modules/helpers:179:18)
    at Object.<anonymous> (/Users/salehalkarabubi/works/project/AutoMarket25/server/src/index.js:10:19)
2025-05-05T10:39:52.433Z [[31merror[39m] - uncaughtException: Route.get() requires a callback function but got a [object Object]
Error: Route.get() requires a callback function but got a [object Object]
    at Route.<computed> [as get] (/Users/salehalkarabubi/works/project/AutoMarket25/server/node_modules/express/lib/router/route.js:216:15)
    at proto.<computed> [as get] (/Users/salehalkarabubi/works/project/AutoMarket25/server/node_modules/express/lib/router/index.js:521:19)
    at Object.<anonymous> (/Users/salehalkarabubi/works/project/AutoMarket25/server/src/routes/carRoutes.js:23:8)
    at Module._compile (node:internal/modules/cjs/loader:1469:14)
    at Module._extensions..js (node:internal/modules/cjs/loader:1548:10)
    at Module.load (node:internal/modules/cjs/loader:1288:32)
    at Module._load (node:internal/modules/cjs/loader:1104:12)
    at Module.require (node:internal/modules/cjs/loader:1311:19)
    at require (node:internal/modules/helpers:179:18)
    at Object.<anonymous> (/Users/salehalkarabubi/works/project/AutoMarket25/server/src/index.js:10:19)
2025-05-05T10:51:37.318Z [[31merror[39m] - uncaughtException: Route.get() requires a callback function but got a [object Undefined]
Error: Route.get() requires a callback function but got a [object Undefined]
    at Route.<computed> [as get] (/Users/salehalkarabubi/works/project/AutoMarket25/server/node_modules/express/lib/router/route.js:216:15)
    at proto.<computed> [as get] (/Users/salehalkarabubi/works/project/AutoMarket25/server/node_modules/express/lib/router/index.js:521:19)
    at Object.<anonymous> (/Users/salehalkarabubi/works/project/AutoMarket25/server/src/routes/carRoutes.js:19:8)
    at Module._compile (node:internal/modules/cjs/loader:1469:14)
    at Module._extensions..js (node:internal/modules/cjs/loader:1548:10)
    at Module.load (node:internal/modules/cjs/loader:1288:32)
    at Module._load (node:internal/modules/cjs/loader:1104:12)
    at Module.require (node:internal/modules/cjs/loader:1311:19)
    at require (node:internal/modules/helpers:179:18)
    at Object.<anonymous> (/Users/salehalkarabubi/works/project/AutoMarket25/server/src/index.js:10:19)
2025-05-05T10:52:33.496Z [[31merror[39m] - uncaughtException: Route.get() requires a callback function but got a [object Object]
Error: Route.get() requires a callback function but got a [object Object]
    at Route.<computed> [as get] (/Users/salehalkarabubi/works/project/AutoMarket25/server/node_modules/express/lib/router/route.js:216:15)
    at proto.<computed> [as get] (/Users/salehalkarabubi/works/project/AutoMarket25/server/node_modules/express/lib/router/index.js:521:19)
    at Object.<anonymous> (/Users/salehalkarabubi/works/project/AutoMarket25/server/src/routes/carRoutes.js:23:8)
    at Module._compile (node:internal/modules/cjs/loader:1469:14)
    at Module._extensions..js (node:internal/modules/cjs/loader:1548:10)
    at Module.load (node:internal/modules/cjs/loader:1288:32)
    at Module._load (node:internal/modules/cjs/loader:1104:12)
    at Module.require (node:internal/modules/cjs/loader:1311:19)
    at require (node:internal/modules/helpers:179:18)
    at Object.<anonymous> (/Users/salehalkarabubi/works/project/AutoMarket25/server/src/index.js:10:19)
2025-05-09T20:10:52.286Z [[31merror[39m] - uncaughtException: Route.get() requires a callback function but got a [object Undefined]
Error: Route.get() requires a callback function but got a [object Undefined]
    at Route.<computed> [as get] (/Users/salehalkarabubi/works/project/AutoMarket25/server/node_modules/express/lib/router/route.js:216:15)
    at proto.<computed> [as get] (/Users/salehalkarabubi/works/project/AutoMarket25/server/node_modules/express/lib/router/index.js:521:19)
    at Object.<anonymous> (/Users/salehalkarabubi/works/project/AutoMarket25/server/src/routes/carRoutes.js:19:8)
    at Module._compile (node:internal/modules/cjs/loader:1469:14)
    at Module._extensions..js (node:internal/modules/cjs/loader:1548:10)
    at Module.load (node:internal/modules/cjs/loader:1288:32)
    at Module._load (node:internal/modules/cjs/loader:1104:12)
    at Module.require (node:internal/modules/cjs/loader:1311:19)
    at require (node:internal/modules/helpers:179:18)
    at Object.<anonymous> (/Users/salehalkarabubi/works/project/AutoMarket25/server/src/index.js:10:19)
2025-05-09T20:10:54.359Z [[31merror[39m] - uncaughtException: Route.get() requires a callback function but got a [object Undefined]
Error: Route.get() requires a callback function but got a [object Undefined]
    at Route.<computed> [as get] (/Users/salehalkarabubi/works/project/AutoMarket25/server/node_modules/express/lib/router/route.js:216:15)
    at proto.<computed> [as get] (/Users/salehalkarabubi/works/project/AutoMarket25/server/node_modules/express/lib/router/index.js:521:19)
    at Object.<anonymous> (/Users/salehalkarabubi/works/project/AutoMarket25/server/src/routes/carRoutes.js:19:8)
    at Module._compile (node:internal/modules/cjs/loader:1469:14)
    at Module._extensions..js (node:internal/modules/cjs/loader:1548:10)
    at Module.load (node:internal/modules/cjs/loader:1288:32)
    at Module._load (node:internal/modules/cjs/loader:1104:12)
    at Module.require (node:internal/modules/cjs/loader:1311:19)
    at require (node:internal/modules/helpers:179:18)
    at Object.<anonymous> (/Users/salehalkarabubi/works/project/AutoMarket25/server/src/index.js:10:19)
2025-05-09T20:18:39.253Z [[31merror[39m] - uncaughtException: Router.use() requires a middleware function but got a Object
TypeError: Router.use() requires a middleware function but got a Object
    at Function.use (/Users/salehalkarabubi/works/project/AutoMarket25/server/node_modules/express/lib/router/index.js:469:13)
    at Function.<anonymous> (/Users/salehalkarabubi/works/project/AutoMarket25/server/node_modules/express/lib/application.js:227:21)
    at Array.forEach (<anonymous>)
    at Function.use (/Users/salehalkarabubi/works/project/AutoMarket25/server/node_modules/express/lib/application.js:224:7)
    at Object.<anonymous> (/Users/salehalkarabubi/works/project/AutoMarket25/server/src/index.js:32:5)
    at Module._compile (node:internal/modules/cjs/loader:1469:14)
    at Module._extensions..js (node:internal/modules/cjs/loader:1548:10)
    at Module.load (node:internal/modules/cjs/loader:1288:32)
    at Module._load (node:internal/modules/cjs/loader:1104:12)
    at Function.executeUserEntryPoint [as runMain] (node:internal/modules/run_main:173:12)
2025-05-09T20:18:41.744Z [[31merror[39m] - uncaughtException: Router.use() requires a middleware function but got a Object
TypeError: Router.use() requires a middleware function but got a Object
    at Function.use (/Users/salehalkarabubi/works/project/AutoMarket25/server/node_modules/express/lib/router/index.js:469:13)
    at Function.<anonymous> (/Users/salehalkarabubi/works/project/AutoMarket25/server/node_modules/express/lib/application.js:227:21)
    at Array.forEach (<anonymous>)
    at Function.use (/Users/salehalkarabubi/works/project/AutoMarket25/server/node_modules/express/lib/application.js:224:7)
    at Object.<anonymous> (/Users/salehalkarabubi/works/project/AutoMarket25/server/src/index.js:32:5)
    at Module._compile (node:internal/modules/cjs/loader:1469:14)
    at Module._extensions..js (node:internal/modules/cjs/loader:1548:10)
    at Module.load (node:internal/modules/cjs/loader:1288:32)
    at Module._load (node:internal/modules/cjs/loader:1104:12)
    at Function.executeUserEntryPoint [as runMain] (node:internal/modules/run_main:173:12)
2025-05-09T20:18:44.192Z [[31merror[39m] - uncaughtException: Router.use() requires a middleware function but got a Object
TypeError: Router.use() requires a middleware function but got a Object
    at Function.use (/Users/salehalkarabubi/works/project/AutoMarket25/server/node_modules/express/lib/router/index.js:469:13)
    at Function.<anonymous> (/Users/salehalkarabubi/works/project/AutoMarket25/server/node_modules/express/lib/application.js:227:21)
    at Array.forEach (<anonymous>)
    at Function.use (/Users/salehalkarabubi/works/project/AutoMarket25/server/node_modules/express/lib/application.js:224:7)
    at Object.<anonymous> (/Users/salehalkarabubi/works/project/AutoMarket25/server/src/index.js:32:5)
    at Module._compile (node:internal/modules/cjs/loader:1469:14)
    at Module._extensions..js (node:internal/modules/cjs/loader:1548:10)
    at Module.load (node:internal/modules/cjs/loader:1288:32)
    at Module._load (node:internal/modules/cjs/loader:1104:12)
    at Function.executeUserEntryPoint [as runMain] (node:internal/modules/run_main:173:12)
2025-05-09T20:18:49.180Z [[31merror[39m] - uncaughtException: Router.use() requires a middleware function but got a Object
TypeError: Router.use() requires a middleware function but got a Object
    at Function.use (/Users/salehalkarabubi/works/project/AutoMarket25/server/node_modules/express/lib/router/index.js:469:13)
    at Function.<anonymous> (/Users/salehalkarabubi/works/project/AutoMarket25/server/node_modules/express/lib/application.js:227:21)
    at Array.forEach (<anonymous>)
    at Function.use (/Users/salehalkarabubi/works/project/AutoMarket25/server/node_modules/express/lib/application.js:224:7)
    at Object.<anonymous> (/Users/salehalkarabubi/works/project/AutoMarket25/server/src/index.js:32:5)
    at Module._compile (node:internal/modules/cjs/loader:1469:14)
    at Module._extensions..js (node:internal/modules/cjs/loader:1548:10)
    at Module.load (node:internal/modules/cjs/loader:1288:32)
    at Module._load (node:internal/modules/cjs/loader:1104:12)
    at Function.executeUserEntryPoint [as runMain] (node:internal/modules/run_main:173:12)
2025-05-09T20:18:50.546Z [[31merror[39m] - uncaughtException: Router.use() requires a middleware function but got a Object
TypeError: Router.use() requires a middleware function but got a Object
    at Function.use (/Users/salehalkarabubi/works/project/AutoMarket25/server/node_modules/express/lib/router/index.js:469:13)
    at Function.<anonymous> (/Users/salehalkarabubi/works/project/AutoMarket25/server/node_modules/express/lib/application.js:227:21)
    at Array.forEach (<anonymous>)
    at Function.use (/Users/salehalkarabubi/works/project/AutoMarket25/server/node_modules/express/lib/application.js:224:7)
    at Object.<anonymous> (/Users/salehalkarabubi/works/project/AutoMarket25/server/src/index.js:32:5)
    at Module._compile (node:internal/modules/cjs/loader:1469:14)
    at Module._extensions..js (node:internal/modules/cjs/loader:1548:10)
    at Module.load (node:internal/modules/cjs/loader:1288:32)
    at Module._load (node:internal/modules/cjs/loader:1104:12)
    at Function.executeUserEntryPoint [as runMain] (node:internal/modules/run_main:173:12)
2025-05-09T20:18:51.725Z [[31merror[39m] - uncaughtException: Router.use() requires a middleware function but got a Object
TypeError: Router.use() requires a middleware function but got a Object
    at Function.use (/Users/salehalkarabubi/works/project/AutoMarket25/server/node_modules/express/lib/router/index.js:469:13)
    at Function.<anonymous> (/Users/salehalkarabubi/works/project/AutoMarket25/server/node_modules/express/lib/application.js:227:21)
    at Array.forEach (<anonymous>)
    at Function.use (/Users/salehalkarabubi/works/project/AutoMarket25/server/node_modules/express/lib/application.js:224:7)
    at Object.<anonymous> (/Users/salehalkarabubi/works/project/AutoMarket25/server/src/index.js:32:5)
    at Module._compile (node:internal/modules/cjs/loader:1469:14)
    at Module._extensions..js (node:internal/modules/cjs/loader:1548:10)
    at Module.load (node:internal/modules/cjs/loader:1288:32)
    at Module._load (node:internal/modules/cjs/loader:1104:12)
    at Function.executeUserEntryPoint [as runMain] (node:internal/modules/run_main:173:12)
2025-05-09T20:18:52.711Z [[31merror[39m] - uncaughtException: Router.use() requires a middleware function but got a Object
TypeError: Router.use() requires a middleware function but got a Object
    at Function.use (/Users/salehalkarabubi/works/project/AutoMarket25/server/node_modules/express/lib/router/index.js:469:13)
    at Function.<anonymous> (/Users/salehalkarabubi/works/project/AutoMarket25/server/node_modules/express/lib/application.js:227:21)
    at Array.forEach (<anonymous>)
    at Function.use (/Users/salehalkarabubi/works/project/AutoMarket25/server/node_modules/express/lib/application.js:224:7)
    at Object.<anonymous> (/Users/salehalkarabubi/works/project/AutoMarket25/server/src/index.js:32:5)
    at Module._compile (node:internal/modules/cjs/loader:1469:14)
    at Module._extensions..js (node:internal/modules/cjs/loader:1548:10)
    at Module.load (node:internal/modules/cjs/loader:1288:32)
    at Module._load (node:internal/modules/cjs/loader:1104:12)
    at Function.executeUserEntryPoint [as runMain] (node:internal/modules/run_main:173:12)
2025-05-09T21:56:38.200Z [[31merror[39m] - uncaughtException: Router.use() requires a middleware function but got a Object
TypeError: Router.use() requires a middleware function but got a Object
    at Function.use (/Users/salehalkarabubi/works/project/AutoMarket25/server/node_modules/express/lib/router/index.js:469:13)
    at Function.<anonymous> (/Users/salehalkarabubi/works/project/AutoMarket25/server/node_modules/express/lib/application.js:227:21)
    at Array.forEach (<anonymous>)
    at Function.use (/Users/salehalkarabubi/works/project/AutoMarket25/server/node_modules/express/lib/application.js:224:7)
    at Object.<anonymous> (/Users/salehalkarabubi/works/project/AutoMarket25/server/src/index.js:32:5)
    at Module._compile (node:internal/modules/cjs/loader:1469:14)
    at Module._extensions..js (node:internal/modules/cjs/loader:1548:10)
    at Module.load (node:internal/modules/cjs/loader:1288:32)
    at Module._load (node:internal/modules/cjs/loader:1104:12)
    at Function.executeUserEntryPoint [as runMain] (node:internal/modules/run_main:173:12)
2025-05-09T21:58:07.186Z [[31merror[39m] - uncaughtException: Identifier 'Car' has already been declared
/Users/salehalkarabubi/works/project/AutoMarket25/server/src/controllers/carController.js:171
const Car = require('../models/Car');
      ^

SyntaxError: Identifier 'Car' has already been declared
    at wrapSafe (node:internal/modules/cjs/loader:1378:20)
    at Module._compile (node:internal/modules/cjs/loader:1428:41)
    at Module._extensions..js (node:internal/modules/cjs/loader:1548:10)
    at Module.load (node:internal/modules/cjs/loader:1288:32)
    at Module._load (node:internal/modules/cjs/loader:1104:12)
    at Module.require (node:internal/modules/cjs/loader:1311:19)
    at require (node:internal/modules/helpers:179:18)
    at Object.<anonymous> (/Users/salehalkarabubi/works/project/AutoMarket25/server/src/routes/carRoutes.js:14:5)
    at Module._compile (node:internal/modules/cjs/loader:1469:14)
    at Module._extensions..js (node:internal/modules/cjs/loader:1548:10)
